==1658685== Memcheck, a memory error detector
==1658685== Copyright (C) 2002-2022, and GNU GPL'd, by Julian Seward et al.
==1658685== Using Valgrind-3.22.0 and LibVEX; rerun with -h for copyright info
==1658685== Command: /home/ada/.pyenv/versions/3.14.2/bin/python test_subinterp_debug.py
==1658685== Parent PID: 1658597
==1658685== 
==1658685== 
==1658685== HEAP SUMMARY:
==1658685==     in use at exit: 4,397,891 bytes in 107 blocks
==1658685==   total heap usage: 47,130 allocs, 47,023 frees, 183,171,232 bytes allocated
==1658685== 
==1658685== LEAK SUMMARY:
==1658685==    definitely lost: 2,626,816 bytes in 17 blocks
==1658685==    indirectly lost: 1,048,576 bytes in 8 blocks
==1658685==      possibly lost: 263,680 bytes in 4 blocks
==1658685==    still reachable: 458,819 bytes in 78 blocks
==1658685==         suppressed: 0 bytes in 0 blocks
==1658685== Rerun with --leak-check=full to see details of leaked memory
==1658685== 
==1658685== For lists of detected and suppressed errors, rerun with: -s
==1658685== ERROR SUMMARY: 0 errors from 0 contexts (suppressed: 0 from 0)
